[2026-03-13 10:44:30] Checking for new fresher jobs... (127 keywords x 5 locations)
[2026-03-13 10:45:22] No new jobs found. Total tracked: 0
[2026-03-13 10:45:22] Sleeping 10 min... (next check after 10:45:22)
[2026-03-13 10:47:08] Checking for new fresher jobs... (46 keywords x 5 locations)
[2026-03-13 10:47:08] Checking for new fresher jobs... (133 keywords x 5 locations)
[2026-03-13 10:47:09] Checking for new fresher jobs... (127 keywords x 5 locations)
[2026-03-13 10:47:12] Checking for new fresher jobs... (48 keywords x 5 locations)
[2026-03-13 10:47:48] No new jobs found. Total tracked: 0
[2026-03-13 10:47:48] Sleeping 10 min... (next check after 10:47:48)
[2026-03-13 10:47:49] No new jobs found. Total tracked: 0
[2026-03-13 10:47:49] Sleeping 10 min... (next check after 10:47:49)
[2026-03-13 10:47:50] No new jobs found. Total tracked: 0
[2026-03-13 10:47:50] Sleeping 10 min... (next check after 10:47:50)
[2026-03-13 10:47:53] No new jobs found. Total tracked: 0
[2026-03-13 10:47:53] Sleeping 10 min... (next check after 10:47:53)
[2026-03-13 10:50:36] Checking for new fresher jobs... (90 keywords x 5 locations)
[2026-03-13 10:50:36] Checking for new fresher jobs... (127 keywords x 5 locations)
[2026-03-13 10:50:46] Checking for new fresher jobs... (127 keywords x 5 locations)
[2026-03-13 10:51:13] No new jobs found. Total tracked: 0
[2026-03-13 10:51:13] Sleeping 10 min... (next check after 10:51:13)
[2026-03-13 10:51:14] No new jobs found. Total tracked: 0
[2026-03-13 10:51:14] Sleeping 10 min... (next check around 10:51:14)
[2026-03-13 10:51:24] No new jobs found. Total tracked: 0
[2026-03-13 10:51:24] Sleeping 10 min... (next check after 10:51:24)
[2026-03-13 10:54:07] Checking for new fresher jobs... (70 keywords x 5 locations)
[2026-03-13 10:54:07] Checking for new fresher jobs... (118 keywords x 5 locations)
[2026-03-13 10:54:49] No new jobs found. Total tracked: 0
[2026-03-13 10:54:49] Sleeping 10 min... (next check after 10:54:49)
[2026-03-13 10:54:49] No new jobs found. Total tracked: 0
[2026-03-13 10:54:49] Sleeping 10 min... (next check after 10:54:49)
[2026-03-13 10:55:22] Checking for new fresher jobs... (127 keywords x 5 locations)
[2026-03-13 10:55:57] No new jobs found. Total tracked: 0
[2026-03-13 10:55:57] Sleeping 10 min... (next check after 10:55:57)
[2026-03-13 10:57:48] Checking for new fresher jobs... (133 keywords x 5 locations)
[2026-03-13 10:57:49] Checking for new fresher jobs... (127 keywords x 5 locations)
[2026-03-13 10:57:50] Checking for new fresher jobs... (46 keywords x 5 locations)
[2026-03-13 10:57:53] Checking for new fresher jobs... (48 keywords x 5 locations)
[2026-03-13 10:58:50] No new jobs found. Total tracked: 0
[2026-03-13 10:58:50] Sleeping 10 min... (next check after 10:58:50)
[2026-03-13 10:58:51] No new jobs found. Total tracked: 0
[2026-03-13 10:58:51] Sleeping 10 min... (next check after 10:58:51)
[2026-03-13 10:58:51] No new jobs found. Total tracked: 0
[2026-03-13 10:58:51] Sleeping 10 min... (next check after 10:58:51)
[2026-03-13 10:58:53] No new jobs found. Total tracked: 0
[2026-03-13 10:58:53] Sleeping 10 min... (next check after 10:58:53)
[2026-03-13 11:01:13] Checking for new fresher jobs... (90 keywords x 5 locations)
[2026-03-13 11:01:14] Checking for new fresher jobs... (127 keywords x 5 locations)
[2026-03-13 11:01:24] Checking for new fresher jobs... (127 keywords x 5 locations)
[2026-03-13 11:01:58] No new jobs found. Total tracked: 0
[2026-03-13 11:01:58] Sleeping 10 min... (next check around 11:01:58)
[2026-03-13 11:02:00] No new jobs found. Total tracked: 0
[2026-03-13 11:02:00] Sleeping 10 min... (next check after 11:02:00)
[2026-03-13 11:02:09] No new jobs found. Total tracked: 0
[2026-03-13 11:02:09] Sleeping 10 min... (next check after 11:02:09)
[2026-03-13 11:04:49] Checking for new fresher jobs... (70 keywords x 5 locations)
[2026-03-13 11:04:49] Checking for new fresher jobs... (118 keywords x 5 locations)
[2026-03-13 11:05:34] No new jobs found. Total tracked: 0
[2026-03-13 11:05:34] Sleeping 10 min... (next check after 11:05:34)
[2026-03-13 11:05:34] No new jobs found. Total tracked: 0
[2026-03-13 11:05:34] Sleeping 10 min... (next check after 11:05:34)
[2026-03-13 11:05:57] Checking for new fresher jobs... (127 keywords x 5 locations)
[2026-03-13 11:06:45] No new jobs found. Total tracked: 0
[2026-03-13 11:06:45] Sleeping 10 min... (next check after 11:06:45)
[2026-03-13 11:08:50] Checking for new fresher jobs... (133 keywords x 5 locations)
[2026-03-13 11:08:51] Checking for new fresher jobs... (127 keywords x 5 locations)
[2026-03-13 11:08:51] Checking for new fresher jobs... (46 keywords x 5 locations)
[2026-03-13 11:08:53] Checking for new fresher jobs... (48 keywords x 5 locations)
[2026-03-13 11:09:51] No new jobs found. Total tracked: 0
[2026-03-13 11:09:51] Sleeping 10 min... (next check after 11:09:51)
[2026-03-13 11:09:51] No new jobs found. Total tracked: 0
[2026-03-13 11:09:51] Sleeping 10 min... (next check after 11:09:51)
[2026-03-13 11:09:53] No new jobs found. Total tracked: 0
[2026-03-13 11:09:53] Sleeping 10 min... (next check after 11:09:53)
[2026-03-13 11:09:54] No new jobs found. Total tracked: 0
[2026-03-13 11:09:54] Sleeping 10 min... (next check after 11:09:54)
[2026-03-13 11:11:58] Checking for new fresher jobs... (127 keywords x 5 locations)
[2026-03-13 11:12:00] Checking for new fresher jobs... (90 keywords x 5 locations)
[2026-03-13 11:12:09] Checking for new fresher jobs... (127 keywords x 5 locations)
[2026-03-13 11:12:55] No new jobs found. Total tracked: 0
[2026-03-13 11:12:55] Sleeping 10 min... (next check around 11:12:55)
[2026-03-13 11:12:56] No new jobs found. Total tracked: 0
[2026-03-13 11:12:56] Sleeping 10 min... (next check after 11:12:56)
[2026-03-13 11:13:02] No new jobs found. Total tracked: 0
[2026-03-13 11:13:02] Sleeping 10 min... (next check after 11:13:02)
[2026-03-13 11:15:34] Checking for new fresher jobs... (70 keywords x 5 locations)
[2026-03-13 11:15:34] Checking for new fresher jobs... (118 keywords x 5 locations)
[2026-03-13 11:16:09] No new jobs found. Total tracked: 0
[2026-03-13 11:16:09] Sleeping 10 min... (next check after 11:16:09)
[2026-03-13 11:16:09] No new jobs found. Total tracked: 0
[2026-03-13 11:16:09] Sleeping 10 min... (next check after 11:16:09)
[2026-03-13 11:16:44] Checking for new fresher jobs... (127 keywords x 5 locations)
[2026-03-13 11:17:17] No new jobs found. Total tracked: 0
[2026-03-13 11:17:17] Sleeping 10 min... (next check after 11:17:17)
[2026-03-13 11:19:51] Checking for new fresher jobs... (127 keywords x 5 locations)
[2026-03-13 11:19:51] Checking for new fresher jobs... (46 keywords x 5 locations)
[2026-03-13 11:19:53] Checking for new fresher jobs... (48 keywords x 5 locations)
[2026-03-13 11:19:54] Checking for new fresher jobs... (133 keywords x 5 locations)
[2026-03-13 11:20:24] No new jobs found. Total tracked: 0
[2026-03-13 11:20:24] Sleeping 10 min... (next check after 11:20:24)
[2026-03-13 11:20:25] No new jobs found. Total tracked: 0
[2026-03-13 11:20:25] Sleeping 10 min... (next check after 11:20:25)
[2026-03-13 11:20:26] No new jobs found. Total tracked: 0
[2026-03-13 11:20:26] Sleeping 10 min... (next check after 11:20:26)
[2026-03-13 11:20:28] No new jobs found. Total tracked: 0
[2026-03-13 11:20:28] Sleeping 10 min... (next check after 11:20:28)
[2026-03-13 11:22:55] Checking for new fresher jobs... (127 keywords x 5 locations)
[2026-03-13 11:22:56] Checking for new fresher jobs... (90 keywords x 5 locations)
[2026-03-13 11:23:02] Checking for new fresher jobs... (127 keywords x 5 locations)
[2026-03-13 11:23:32] No new jobs found. Total tracked: 0
[2026-03-13 11:23:32] Sleeping 10 min... (next check around 11:23:32)
[2026-03-13 11:23:32] No new jobs found. Total tracked: 0
[2026-03-13 11:23:32] Sleeping 10 min... (next check after 11:23:32)
[2026-03-13 11:23:36] No new jobs found. Total tracked: 0
[2026-03-13 11:23:36] Sleeping 10 min... (next check after 11:23:36)
[2026-03-13 11:26:09] Checking for new fresher jobs... (70 keywords x 5 locations)
[2026-03-13 11:26:09] Checking for new fresher jobs... (118 keywords x 5 locations)
[2026-03-13 11:26:44] No new jobs found. Total tracked: 0
[2026-03-13 11:26:44] Sleeping 10 min... (next check after 11:26:44)
[2026-03-13 11:26:44] No new jobs found. Total tracked: 0
[2026-03-13 11:26:44] Sleeping 10 min... (next check after 11:26:44)
[2026-03-13 11:27:17] Checking for new fresher jobs... (127 keywords x 5 locations)
[2026-03-13 11:27:51] No new jobs found. Total tracked: 0
[2026-03-13 11:27:51] Sleeping 10 min... (next check after 11:27:51)
[2026-03-13 11:30:24] Checking for new fresher jobs... (127 keywords x 5 locations)
[2026-03-13 11:30:25] Checking for new fresher jobs... (46 keywords x 5 locations)
[2026-03-13 11:30:26] Checking for new fresher jobs... (48 keywords x 5 locations)
[2026-03-13 11:30:28] Checking for new fresher jobs... (133 keywords x 5 locations)
[2026-03-13 11:33:09] No new jobs found. Total tracked: 0
[2026-03-13 11:33:09] Sleeping 10 min... (next check after 11:33:09)
[2026-03-13 11:33:10] No new jobs found. Total tracked: 0
[2026-03-13 11:33:10] Sleeping 10 min... (next check after 11:33:10)
[2026-03-13 11:33:10] No new jobs found. Total tracked: 0
[2026-03-13 11:33:10] Sleeping 10 min... (next check after 11:33:10)
[2026-03-13 11:33:12] No new jobs found. Total tracked: 0
[2026-03-13 11:33:12] Sleeping 10 min... (next check after 11:33:12)
[2026-03-13 11:33:32] Checking for new fresher jobs... (127 keywords x 5 locations)
[2026-03-13 11:33:32] Checking for new fresher jobs... (90 keywords x 5 locations)
[2026-03-13 11:33:36] Checking for new fresher jobs... (127 keywords x 5 locations)
[2026-03-13 11:35:48] No new jobs found. Total tracked: 0
[2026-03-13 11:35:48] Sleeping 10 min... (next check after 11:35:48)
[2026-03-13 11:35:48] No new jobs found. Total tracked: 0
[2026-03-13 11:35:48] Sleeping 10 min... (next check after 11:35:48)
[2026-03-13 11:35:48] No new jobs found. Total tracked: 0
[2026-03-13 11:35:48] Sleeping 10 min... (next check around 11:35:48)
[2026-03-13 11:36:44] Checking for new fresher jobs... (70 keywords x 5 locations)
[2026-03-13 11:36:44] Checking for new fresher jobs... (118 keywords x 5 locations)
[2026-03-13 11:37:51] Checking for new fresher jobs... (127 keywords x 5 locations)
[2026-03-13 11:38:45] No new jobs found. Total tracked: 0
[2026-03-13 11:38:45] Sleeping 10 min... (next check after 11:38:45)
[2026-03-13 11:38:45] No new jobs found. Total tracked: 0
[2026-03-13 11:38:45] Sleeping 10 min... (next check after 11:38:45)
[2026-03-13 11:39:38] No new jobs found. Total tracked: 0
[2026-03-13 11:39:38] Sleeping 10 min... (next check after 11:39:38)
[2026-03-13 11:43:09] Checking for new fresher jobs... (46 keywords x 5 locations)
[2026-03-13 11:43:10] Checking for new fresher jobs... (48 keywords x 5 locations)
[2026-03-13 11:43:10] Checking for new fresher jobs... (127 keywords x 5 locations)
[2026-03-13 11:43:12] Checking for new fresher jobs... (133 keywords x 5 locations)
[2026-03-13 11:45:25] No new jobs found. Total tracked: 0
[2026-03-13 11:45:25] Sleeping 10 min... (next check after 11:45:25)
[2026-03-13 11:45:25] No new jobs found. Total tracked: 0
[2026-03-13 11:45:25] Sleeping 10 min... (next check after 11:45:25)
[2026-03-13 11:45:25] No new jobs found. Total tracked: 0
[2026-03-13 11:45:25] Sleeping 10 min... (next check after 11:45:25)
[2026-03-13 11:45:25] No new jobs found. Total tracked: 0
[2026-03-13 11:45:25] Sleeping 10 min... (next check after 11:45:25)
[2026-03-13 11:45:48] Checking for new fresher jobs... (127 keywords x 5 locations)
[2026-03-13 11:45:48] Checking for new fresher jobs... (90 keywords x 5 locations)
[2026-03-13 11:45:48] Checking for new fresher jobs... (127 keywords x 5 locations)
[2026-03-13 11:46:59] No new jobs found. Total tracked: 0
[2026-03-13 11:46:59] Sleeping 10 min... (next check around 11:46:59)
[2026-03-13 11:46:59] Sleeping 10 min... (next check after 11:46:59)
[2026-03-13 11:47:12] No new jobs found. Total tracked: 0
[2026-03-13 11:47:12] Sleeping 10 min... (next check after 11:47:12)
[2026-03-13 11:48:45] Checking for new fresher jobs... (70 keywords x 5 locations)
[2026-03-13 11:48:45] Checking for new fresher jobs... (118 keywords x 5 locations)
[2026-03-13 11:49:38] Checking for new fresher jobs... (127 keywords x 5 locations)
[2026-03-13 11:50:20] No new jobs found. Total tracked: 0
[2026-03-13 11:50:20] Sleeping 10 min... (next check after 11:50:20)
[2026-03-13 11:50:20] Sleeping 10 min... (next check after 11:50:20)
[2026-03-13 11:51:25] No new jobs found. Total tracked: 0
[2026-03-13 11:51:25] Sleeping 10 min... (next check after 11:51:25)
[2026-03-13 11:55:25] Checking for new fresher jobs... (48 keywords x 5 locations)
[2026-03-13 11:55:25] Checking for new fresher jobs... (133 keywords x 5 locations)
[2026-03-13 11:55:25] Checking for new fresher jobs... (46 keywords x 5 locations)
[2026-03-13 11:55:25] Checking for new fresher jobs... (127 keywords x 5 locations)
[2026-03-13 11:56:59] Checking for new fresher jobs... (90 keywords x 5 locations)
[2026-03-13 11:56:59] Checking for new fresher jobs... (127 keywords x 5 locations)
[2026-03-13 11:57:12] Checking for new fresher jobs... (127 keywords x 5 locations)
[2026-03-13 11:57:18] No new jobs found. Total tracked: 0
[2026-03-13 11:57:18] Sleeping 10 min... (next check after 11:57:18)
[2026-03-13 11:57:22] No new jobs found. Total tracked: 0
[2026-03-13 11:57:22] Sleeping 10 min... (next check after 11:57:22)
[2026-03-13 11:57:22] No new jobs found. Total tracked: 0
[2026-03-13 11:57:22] Sleeping 10 min... (next check after 11:57:22)
[2026-03-13 11:57:22] No new jobs found. Total tracked: 0
[2026-03-13 11:57:22] Sleeping 10 min... (next check after 11:57:22)
[2026-03-13 11:58:29] No new jobs found. Total tracked: 0
[2026-03-13 11:58:29] Sleeping 10 min... (next check after 11:58:29)
[2026-03-13 11:58:29] No new jobs found. Total tracked: 0
[2026-03-13 11:58:29] Sleeping 10 min... (next check around 11:58:29)
[2026-03-13 11:58:36] No new jobs found. Total tracked: 0
[2026-03-13 11:58:36] Sleeping 10 min... (next check after 11:58:36)
[2026-03-13 12:00:20] Checking for new fresher jobs... (70 keywords x 5 locations)
[2026-03-13 12:00:20] Checking for new fresher jobs... (118 keywords x 5 locations)
[2026-03-13 12:01:25] Checking for new fresher jobs... (127 keywords x 5 locations)
[2026-03-13 12:02:22] No new jobs found. Total tracked: 0
[2026-03-13 12:02:22] Sleeping 10 min... (next check after 12:02:22)
[2026-03-13 12:02:23] No new jobs found. Total tracked: 0
[2026-03-13 12:02:24] Sleeping 10 min... (next check after 12:02:24)
[2026-03-13 12:03:55] No new jobs found. Total tracked: 0
[2026-03-13 12:03:55] Sleeping 10 min... (next check after 12:03:55)
[2026-03-13 12:07:18] Checking for new fresher jobs... (46 keywords x 5 locations)
[2026-03-13 12:07:22] Checking for new fresher jobs... (48 keywords x 5 locations)
[2026-03-13 12:07:22] Checking for new fresher jobs... (127 keywords x 5 locations)
[2026-03-13 12:07:22] Checking for new fresher jobs... (133 keywords x 5 locations)
[2026-03-13 12:08:29] Checking for new fresher jobs... (90 keywords x 5 locations)
[2026-03-13 12:08:29] Checking for new fresher jobs... (127 keywords x 5 locations)
[2026-03-13 12:08:36] Checking for new fresher jobs... (127 keywords x 5 locations)
[2026-03-13 12:08:48] No new jobs found. Total tracked: 0
[2026-03-13 12:08:48] Sleeping 10 min... (next check after 12:08:48)
[2026-03-13 12:08:48] No new jobs found. Total tracked: 0
[2026-03-13 12:08:48] Sleeping 10 min... (next check after 12:08:48)
[2026-03-13 12:08:48] No new jobs found. Total tracked: 0
[2026-03-13 12:08:48] Sleeping 10 min... (next check after 12:08:48)
[2026-03-13 12:08:50] No new jobs found. Total tracked: 0
[2026-03-13 12:08:50] Sleeping 10 min... (next check after 12:08:50)
[2026-03-13 12:10:54] No new jobs found. Total tracked: 0
[2026-03-13 12:10:54] Sleeping 10 min... (next check around 12:10:54)
[2026-03-13 12:10:54] No new jobs found. Total tracked: 0
[2026-03-13 12:10:54] Sleeping 10 min... (next check after 12:10:54)
[2026-03-13 12:11:10] No new jobs found. Total tracked: 0
[2026-03-13 12:11:10] Sleeping 10 min... (next check after 12:11:10)
[2026-03-13 12:12:22] Checking for new fresher jobs... (118 keywords x 5 locations)
[2026-03-13 12:12:24] Checking for new fresher jobs... (70 keywords x 5 locations)
[2026-03-13 12:13:55] Checking for new fresher jobs... (127 keywords x 5 locations)
[2026-03-13 12:14:27] No new jobs found. Total tracked: 0
[2026-03-13 12:14:27] Sleeping 10 min... (next check after 12:14:27)
[2026-03-13 12:14:28] No new jobs found. Total tracked: 0
[2026-03-13 12:14:28] Sleeping 10 min... (next check after 12:14:28)
[2026-03-13 12:16:32] No new jobs found. Total tracked: 0
[2026-03-13 12:16:32] Sleeping 10 min... (next check after 12:16:32)
[2026-03-13 12:18:48] Checking for new fresher jobs... (46 keywords x 5 locations)
[2026-03-13 12:18:48] Checking for new fresher jobs... (133 keywords x 5 locations)
[2026-03-13 12:18:48] Checking for new fresher jobs... (127 keywords x 5 locations)
[2026-03-13 12:18:49] Checking for new fresher jobs... (48 keywords x 5 locations)
[2026-03-13 12:20:54] Checking for new fresher jobs... (127 keywords x 5 locations)
[2026-03-13 12:20:54] Checking for new fresher jobs... (90 keywords x 5 locations)
[2026-03-13 12:21:10] Checking for new fresher jobs... (127 keywords x 5 locations)
[2026-03-13 12:21:39] No new jobs found. Total tracked: 0
[2026-03-13 12:21:39] Sleeping 10 min... (next check after 12:21:39)
[2026-03-13 12:21:45] No new jobs found. Total tracked: 0
[2026-03-13 12:21:45] Sleeping 10 min... (next check after 12:21:45)
[2026-03-13 12:21:45] No new jobs found. Total tracked: 0
[2026-03-13 12:21:45] Sleeping 10 min... (next check after 12:21:45)
[2026-03-13 12:21:45] No new jobs found. Total tracked: 0
[2026-03-13 12:21:45] Sleeping 10 min... (next check after 12:21:45)
[2026-03-13 12:23:30] No new jobs found. Total tracked: 0
[2026-03-13 12:23:30] Sleeping 10 min... (next check around 12:23:30)
[2026-03-13 12:23:32] No new jobs found. Total tracked: 0
[2026-03-13 12:23:32] Sleeping 10 min... (next check after 12:23:32)
[2026-03-13 12:23:41] No new jobs found. Total tracked: 0
[2026-03-13 12:23:41] Sleeping 10 min... (next check after 12:23:41)
[2026-03-13 12:24:27] Checking for new fresher jobs... (70 keywords x 5 locations)
[2026-03-13 12:24:28] Checking for new fresher jobs... (118 keywords x 5 locations)
[2026-03-13 12:26:22] No new jobs found. Total tracked: 0
[2026-03-13 12:26:22] Sleeping 10 min... (next check after 12:26:22)
[2026-03-13 12:26:22] No new jobs found. Total tracked: 0
[2026-03-13 12:26:22] Sleeping 10 min... (next check after 12:26:22)
[2026-03-13 12:26:32] Checking for new fresher jobs... (127 keywords x 5 locations)
[2026-03-13 12:29:01] No new jobs found. Total tracked: 0
[2026-03-13 12:29:01] Sleeping 10 min... (next check after 12:29:01)
[2026-03-13 12:31:39] Checking for new fresher jobs... (46 keywords x 5 locations)
[2026-03-13 12:31:45] Checking for new fresher jobs... (133 keywords x 5 locations)
[2026-03-13 12:31:45] Checking for new fresher jobs... (127 keywords x 5 locations)
[2026-03-13 12:31:45] Checking for new fresher jobs... (48 keywords x 5 locations)
[2026-03-13 12:33:30] Checking for new fresher jobs... (127 keywords x 5 locations)
[2026-03-13 12:33:32] Checking for new fresher jobs... (90 keywords x 5 locations)
[2026-03-13 12:33:41] Checking for new fresher jobs... (127 keywords x 5 locations)
[2026-03-13 12:35:09] No new jobs found. Total tracked: 0
[2026-03-13 12:35:09] Sleeping 10 min... (next check after 12:35:09)
[2026-03-13 12:35:16] No new jobs found. Total tracked: 0
[2026-03-13 12:35:16] Sleeping 10 min... (next check after 12:35:16)
[2026-03-13 12:35:17] No new jobs found. Total tracked: 0
[2026-03-13 12:35:17] Sleeping 10 min... (next check after 12:35:17)
[2026-03-13 12:35:23] No new jobs found. Total tracked: 0
[2026-03-13 12:35:23] Sleeping 10 min... (next check after 12:35:23)
[2026-03-13 12:36:22] Checking for new fresher jobs... (70 keywords x 5 locations)
[2026-03-13 12:36:22] Checking for new fresher jobs... (118 keywords x 5 locations)
[2026-03-13 12:37:00] No new jobs found. Total tracked: 0
[2026-03-13 12:37:00] Sleeping 10 min... (next check around 12:37:00)
[2026-03-13 12:37:06] No new jobs found. Total tracked: 0
[2026-03-13 12:37:06] Sleeping 10 min... (next check after 12:37:06)
[2026-03-13 12:37:15] No new jobs found. Total tracked: 0
[2026-03-13 12:37:15] Sleeping 10 min... (next check after 12:37:15)
[2026-03-13 12:38:56] No new jobs found. Total tracked: 0
[2026-03-13 12:38:56] Sleeping 10 min... (next check after 12:38:56)
[2026-03-13 12:39:01] Checking for new fresher jobs... (127 keywords x 5 locations)
[2026-03-13 12:41:13] No new jobs found. Total tracked: 0
[2026-03-13 12:41:13] Sleeping 10 min... (next check after 12:41:13)
[2026-03-13 12:45:09] Checking for new fresher jobs... (46 keywords x 5 locations)
[2026-03-13 12:45:16] Checking for new fresher jobs... (48 keywords x 5 locations)
[2026-03-13 12:45:17] Checking for new fresher jobs... (127 keywords x 5 locations)
[2026-03-13 12:45:23] Checking for new fresher jobs... (133 keywords x 5 locations)
[2026-03-13 12:46:17] No new jobs found. Total tracked: 0
[2026-03-13 12:46:17] Sleeping 10 min... (next check after 12:46:17)
[2026-03-13 12:46:24] No new jobs found. Total tracked: 0
[2026-03-13 12:46:24] Sleeping 10 min... (next check after 12:46:24)
[2026-03-13 12:46:26] No new jobs found. Total tracked: 0
[2026-03-13 12:46:26] Sleeping 10 min... (next check after 12:46:26)
[2026-03-13 12:46:39] No new jobs found. Total tracked: 0
[2026-03-13 12:46:39] Sleeping 10 min... (next check after 12:46:39)
[2026-03-13 12:47:00] Checking for new fresher jobs... (127 keywords x 5 locations)
[2026-03-13 12:47:06] Checking for new fresher jobs... (90 keywords x 5 locations)
[2026-03-13 12:47:15] Checking for new fresher jobs... (127 keywords x 5 locations)
[2026-03-13 12:48:02] No new jobs found. Total tracked: 0
[2026-03-13 12:48:02] Sleeping 10 min... (next check around 12:48:02)
[2026-03-13 12:48:13] No new jobs found. Total tracked: 0
[2026-03-13 12:48:13] Sleeping 10 min... (next check after 12:48:13)
[2026-03-13 12:48:19] No new jobs found. Total tracked: 0
[2026-03-13 12:48:19] Sleeping 10 min... (next check after 12:48:19)
[2026-03-13 12:48:56] Checking for new fresher jobs... (118 keywords x 5 locations)
[2026-03-13 12:50:02] No new jobs found. Total tracked: 0
[2026-03-13 12:50:02] Sleeping 10 min... (next check after 12:50:02)
[2026-03-13 12:50:02] No new jobs found. Total tracked: 0
[2026-03-13 12:50:02] Sleeping 10 min... (next check after 12:50:02)
[2026-03-13 12:51:13] Checking for new fresher jobs... (127 keywords x 5 locations)
[2026-03-13 12:52:59] No new jobs found. Total tracked: 0
[2026-03-13 12:52:59] Sleeping 10 min... (next check after 12:52:59)
[2026-03-13 12:56:17] Checking for new fresher jobs... (46 keywords x 5 locations)
[2026-03-13 12:56:24] Checking for new fresher jobs... (48 keywords x 5 locations)
[2026-03-13 12:56:26] Checking for new fresher jobs... (127 keywords x 5 locations)
[2026-03-13 12:56:39] Checking for new fresher jobs... (133 keywords x 5 locations)
[2026-03-13 12:57:21] No new jobs found. Total tracked: 0
[2026-03-13 12:57:21] Sleeping 10 min... (next check after 12:57:21)
[2026-03-13 12:57:28] No new jobs found. Total tracked: 0
[2026-03-13 12:57:28] Sleeping 10 min... (next check after 12:57:28)
[2026-03-13 12:57:31] No new jobs found. Total tracked: 0
[2026-03-13 12:57:31] Sleeping 10 min... (next check after 12:57:31)
[2026-03-13 12:57:42] No new jobs found. Total tracked: 0
[2026-03-13 12:57:42] Sleeping 10 min... (next check after 12:57:42)
[2026-03-13 12:58:02] Checking for new fresher jobs... (127 keywords x 5 locations)
[2026-03-13 12:58:13] Checking for new fresher jobs... (90 keywords x 5 locations)
[2026-03-13 12:58:19] Checking for new fresher jobs... (127 keywords x 5 locations)
[2026-03-13 12:58:59] No new jobs found. Total tracked: 0
[2026-03-13 12:58:59] Sleeping 10 min... (next check around 12:58:59)
[2026-03-13 12:59:10] No new jobs found. Total tracked: 0
[2026-03-13 12:59:10] Sleeping 10 min... (next check after 12:59:10)
[2026-03-13 12:59:13] No new jobs found. Total tracked: 0
[2026-03-13 12:59:13] Sleeping 10 min... (next check after 12:59:13)
[2026-03-13 12:59:33] ======================================================================
[2026-03-13 12:59:33]   Degree Jobs Fresher — Telegram Bot
[2026-03-13 12:59:33]   TARGET: Fresher jobs (0-1 years) | FOCUS: Freshers & Graduates
[2026-03-13 12:59:33]   LOCATIONS: Hyderabad & Telangana only
[2026-03-13 12:59:33]   CHECK INTERVAL: Every 5 minutes
[2026-03-13 12:59:33] ======================================================================
[2026-03-13 12:59:33] ERROR: BOT_TOKEN or CHAT_ID not set.
[2026-03-13 13:00:02] Checking for new fresher jobs... (70 keywords x 5 locations)
[2026-03-13 13:00:02] Checking for new fresher jobs... (118 keywords x 5 locations)
[2026-03-13 13:00:58] No new jobs found. Total tracked: 0
[2026-03-13 13:00:58] Sleeping 10 min... (next check after 13:00:58)
[2026-03-13 13:00:58] No new jobs found. Total tracked: 0
[2026-03-13 13:00:58] Sleeping 10 min... (next check after 13:00:58)
[2026-03-13 13:02:33] ======================================================================
[2026-03-13 13:02:33]   Degree Jobs Fresher — Telegram Bot
[2026-03-13 13:02:33]   TARGET: Fresher jobs (0-1 years) | FOCUS: Freshers & Graduates
[2026-03-13 13:02:33]   LOCATIONS: Hyderabad & Telangana only
[2026-03-13 13:02:33]   CHECK INTERVAL: Every 5 minutes
[2026-03-13 13:02:33] ======================================================================
[2026-03-13 13:02:33] ERROR: BOT_TOKEN or CHAT_ID not set.
[2026-03-13 13:02:59] Checking for new fresher jobs... (127 keywords x 5 locations)
[2026-03-13 13:03:55] No new jobs found. Total tracked: 0
[2026-03-13 13:03:55] Sleeping 10 min... (next check after 13:03:55)
[2026-03-13 13:07:21] Checking for new fresher jobs... (46 keywords x 5 locations)
[2026-03-13 13:07:28] Checking for new fresher jobs... (48 keywords x 5 locations)
[2026-03-13 13:07:31] Checking for new fresher jobs... (127 keywords x 5 locations)
[2026-03-13 13:07:42] Checking for new fresher jobs... (133 keywords x 5 locations)
[2026-03-13 13:08:29] No new jobs found. Total tracked: 0
[2026-03-13 13:08:29] Sleeping 10 min... (next check after 13:08:29)
[2026-03-13 13:08:32] No new jobs found. Total tracked: 0
[2026-03-13 13:08:32] Sleeping 10 min... (next check after 13:08:32)
[2026-03-13 13:08:35] No new jobs found. Total tracked: 0
[2026-03-13 13:08:35] Sleeping 10 min... (next check after 13:08:35)
[2026-03-13 13:08:48] No new jobs found. Total tracked: 0
[2026-03-13 13:08:48] Sleeping 10 min... (next check after 13:08:48)
[2026-03-13 13:08:59] Checking for new fresher jobs... (127 keywords x 5 locations)
[2026-03-13 13:09:10] Checking for new fresher jobs... (90 keywords x 5 locations)
[2026-03-13 13:09:13] Checking for new fresher jobs... (127 keywords x 5 locations)
[2026-03-13 13:09:56] No new jobs found. Total tracked: 0
[2026-03-13 13:09:56] Sleeping 10 min... (next check around 13:09:56)
[2026-03-13 13:10:07] No new jobs found. Total tracked: 0
[2026-03-13 13:10:07] Sleeping 10 min... (next check after 13:10:07)
[2026-03-13 13:10:11] No new jobs found. Total tracked: 0
[2026-03-13 13:10:11] Sleeping 10 min... (next check after 13:10:11)
[2026-03-13 13:10:58] Checking for new fresher jobs... (70 keywords x 5 locations)
[2026-03-13 13:10:58] Checking for new fresher jobs... (118 keywords x 5 locations)
[2026-03-13 13:11:45] No new jobs found. Total tracked: 0
[2026-03-13 13:11:45] Sleeping 10 min... (next check after 13:11:45)
[2026-03-13 13:11:45] No new jobs found. Total tracked: 0
[2026-03-13 13:11:45] Sleeping 10 min... (next check after 13:11:45)
[2026-03-13 13:13:55] Checking for new fresher jobs... (127 keywords x 5 locations)
[2026-03-13 13:14:54] No new jobs found. Total tracked: 0
[2026-03-13 13:14:54] Sleeping 10 min... (next check after 13:14:54)
[2026-03-13 13:18:29] Checking for new fresher jobs... (46 keywords x 5 locations)
[2026-03-13 13:18:32] Checking for new fresher jobs... (48 keywords x 5 locations)
[2026-03-13 13:18:35] Checking for new fresher jobs... (127 keywords x 5 locations)
[2026-03-13 13:18:37] ======================================================================
[2026-03-13 13:18:37]   Degree Jobs Fresher — Telegram Bot
[2026-03-13 13:18:37]   TARGET: Fresher jobs (0-1 years) | FOCUS: Freshers & Graduates
[2026-03-13 13:18:37]   LOCATIONS: Hyderabad & Telangana only
[2026-03-13 13:18:37]   CHECK INTERVAL: Every 5 minutes
[2026-03-13 13:18:37] ======================================================================
[2026-03-13 13:18:37] ERROR: BOT_TOKEN or CHAT_ID not set.
[2026-03-13 13:18:48] Checking for new fresher jobs... (133 keywords x 5 locations)
[2026-03-13 13:19:34] No new jobs found. Total tracked: 0
[2026-03-13 13:19:34] Sleeping 10 min... (next check after 13:19:34)
[2026-03-13 13:19:35] No new jobs found. Total tracked: 0
[2026-03-13 13:19:35] Sleeping 10 min... (next check after 13:19:35)
[2026-03-13 13:19:36] No new jobs found. Total tracked: 0
[2026-03-13 13:19:36] Sleeping 10 min... (next check after 13:19:36)
[2026-03-13 13:19:47] No new jobs found. Total tracked: 0
[2026-03-13 13:19:47] Sleeping 10 min... (next check after 13:19:47)
[2026-03-13 13:19:56] Checking for new fresher jobs... (127 keywords x 5 locations)
[2026-03-13 13:20:07] Checking for new fresher jobs... (90 keywords x 5 locations)
[2026-03-13 13:20:11] Checking for new fresher jobs... (127 keywords x 5 locations)
[2026-03-13 13:20:54] No new jobs found. Total tracked: 0
[2026-03-13 13:20:54] Sleeping 10 min... (next check around 13:20:54)
[2026-03-13 13:21:03] No new jobs found. Total tracked: 0
[2026-03-13 13:21:03] Sleeping 10 min... (next check after 13:21:03)
[2026-03-13 13:21:09] No new jobs found. Total tracked: 0
[2026-03-13 13:21:09] Sleeping 10 min... (next check after 13:21:09)
[2026-03-13 13:21:45] Checking for new fresher jobs... (70 keywords x 5 locations)
[2026-03-13 13:21:45] Checking for new fresher jobs... (118 keywords x 5 locations)
[2026-03-13 13:22:28] ======================================================================
[2026-03-13 13:22:28]   Degree Jobs Fresher — Telegram Bot
[2026-03-13 13:22:28]   TARGET: Fresher jobs (0-1 years) | FOCUS: Freshers & Graduates
[2026-03-13 13:22:28]   LOCATIONS: Hyderabad & Telangana only
[2026-03-13 13:22:28]   CHECK INTERVAL: Every 5 minutes
[2026-03-13 13:22:28] ======================================================================
[2026-03-13 13:22:28] ERROR: BOT_TOKEN or CHAT_ID not set.
[2026-03-13 13:22:44] No new jobs found. Total tracked: 0
[2026-03-13 13:22:44] Sleeping 10 min... (next check after 13:22:44)
[2026-03-13 13:22:44] No new jobs found. Total tracked: 0
[2026-03-13 13:22:44] Sleeping 10 min... (next check after 13:22:44)
[2026-03-13 13:24:54] Checking for new fresher jobs... (127 keywords x 5 locations)
[2026-03-13 13:25:44] No new jobs found. Total tracked: 0
[2026-03-13 13:25:44] Sleeping 10 min... (next check after 13:25:44)
[2026-03-13 13:29:34] Checking for new fresher jobs... (46 keywords x 5 locations)
[2026-03-13 13:29:35] Checking for new fresher jobs... (48 keywords x 5 locations)
[2026-03-13 13:29:36] Checking for new fresher jobs... (127 keywords x 5 locations)
[2026-03-13 13:29:47] Checking for new fresher jobs... (133 keywords x 5 locations)
[2026-03-13 13:29:58] ======================================================================
[2026-03-13 13:29:58]   Degree Jobs Fresher — Telegram Bot
[2026-03-13 13:29:58]   TARGET: Fresher jobs (0-1 years) | FOCUS: Freshers & Graduates
[2026-03-13 13:29:58]   LOCATIONS: Hyderabad & Telangana only
[2026-03-13 13:29:58]   CHECK INTERVAL: Every 5 minutes
[2026-03-13 13:29:58] ======================================================================
[2026-03-13 13:29:58] ERROR: BOT_TOKEN or CHAT_ID not set.
[2026-03-13 13:30:32] No new jobs found. Total tracked: 0
[2026-03-13 13:30:32] Sleeping 10 min... (next check after 13:30:32)
[2026-03-13 13:30:32] Sleeping 10 min... (next check after 13:30:32)
[2026-03-13 13:30:35] No new jobs found. Total tracked: 0
[2026-03-13 13:30:35] Sleeping 10 min... (next check after 13:30:35)
[2026-03-13 13:30:45] No new jobs found. Total tracked: 0
[2026-03-13 13:30:45] Sleeping 10 min... (next check after 13:30:45)
[2026-03-13 13:30:54] Checking for new fresher jobs... (127 keywords x 5 locations)
[2026-03-13 13:31:03] Checking for new fresher jobs... (90 keywords x 5 locations)
[2026-03-13 13:31:09] Checking for new fresher jobs... (127 keywords x 5 locations)
[2026-03-13 13:31:45] No new jobs found. Total tracked: 0
[2026-03-13 13:31:45] Sleeping 10 min... (next check around 13:31:45)
[2026-03-13 13:31:53] No new jobs found. Total tracked: 0
[2026-03-13 13:31:53] Sleeping 10 min... (next check after 13:31:53)
[2026-03-13 13:31:57] No new jobs found. Total tracked: 0
[2026-03-13 13:31:57] Sleeping 10 min... (next check after 13:31:57)
[2026-03-13 13:32:44] Checking for new fresher jobs... (118 keywords x 5 locations)
[2026-03-13 13:32:44] Checking for new fresher jobs... (70 keywords x 5 locations)
[2026-03-13 13:33:28] No new jobs found. Total tracked: 0
[2026-03-13 13:33:28] Sleeping 10 min... (next check after 13:33:28)
[2026-03-13 13:33:28] No new jobs found. Total tracked: 0
[2026-03-13 13:33:28] Sleeping 10 min... (next check after 13:33:28)
[2026-03-13 13:35:44] Checking for new fresher jobs... (127 keywords x 5 locations)
[2026-03-13 13:36:35] No new jobs found. Total tracked: 0
[2026-03-13 13:36:35] Sleeping 10 min... (next check after 13:36:35)
[2026-03-13 13:36:52] ============================================================
[2026-03-13 13:36:52]   Degree Jobs Fresher - Telegram Bot
[2026-03-13 13:36:52]   TARGET: Any Degree Freshers | LOCATION: Hyderabad
[2026-03-13 13:36:52]   CHECK INTERVAL: Every 5 minutes
[2026-03-13 13:36:52] ============================================================
[2026-03-13 13:36:52] ERROR: BOT_TOKEN or CHAT_ID not set.
[2026-03-13 13:40:32] Checking for new fresher jobs... (48 keywords x 5 locations)
[2026-03-13 13:40:32] Checking for new fresher jobs... (46 keywords x 5 locations)
[2026-03-13 13:40:35] Checking for new fresher jobs... (127 keywords x 5 locations)
[2026-03-13 13:40:45] Checking for new fresher jobs... (133 keywords x 5 locations)
[2026-03-13 13:41:33] No new jobs found. Total tracked: 0
[2026-03-13 13:41:33] Sleeping 10 min... (next check after 13:41:33)
[2026-03-13 13:41:33] No new jobs found. Total tracked: 0
[2026-03-13 13:41:33] Sleeping 10 min... (next check after 13:41:33)
[2026-03-13 13:41:33] No new jobs found. Total tracked: 0
[2026-03-13 13:41:33] Sleeping 10 min... (next check after 13:41:33)
[2026-03-13 13:41:39] No new jobs found. Total tracked: 0
[2026-03-13 13:41:39] Sleeping 10 min... (next check after 13:41:39)
[2026-03-13 13:41:45] Checking for new fresher jobs... (127 keywords x 5 locations)
[2026-03-13 13:41:53] Checking for new fresher jobs... (90 keywords x 5 locations)
[2026-03-13 13:41:57] Checking for new fresher jobs... (127 keywords x 5 locations)
[2026-03-13 13:42:28] No new jobs found. Total tracked: 0
[2026-03-13 13:42:28] Sleeping 10 min... (next check after 13:42:28)
[2026-03-13 13:42:33] No new jobs found. Total tracked: 0
[2026-03-13 13:42:33] Sleeping 10 min... (next check after 13:42:33)
[2026-03-13 13:42:37] No new jobs found. Total tracked: 0
[2026-03-13 13:42:37] Sleeping 10 min... (next check around 13:42:37)
[2026-03-13 13:43:28] Checking for new fresher jobs... (118 keywords x 5 locations)
[2026-03-13 13:43:28] Checking for new fresher jobs... (70 keywords x 5 locations)
[2026-03-13 13:44:09] No new jobs found. Total tracked: 0
[2026-03-13 13:44:09] Sleeping 10 min... (next check after 13:44:09)
[2026-03-13 13:44:09] No new jobs found. Total tracked: 0
[2026-03-13 13:44:09] Sleeping 10 min... (next check after 13:44:09)
[2026-03-13 13:46:35] Checking for new fresher jobs... (127 keywords x 5 locations)
[2026-03-13 13:47:23] No new jobs found. Total tracked: 0
[2026-03-13 13:47:23] Sleeping 10 min... (next check after 13:47:23)
[2026-03-13 13:48:10] ============================================================
[2026-03-13 13:48:10]   Degree Jobs Fresher - Telegram Bot
[2026-03-13 13:48:10]   TARGET: Any Degree Freshers | LOCATION: Hyderabad
[2026-03-13 13:48:10]   CHECK INTERVAL: Every 5 minutes
[2026-03-13 13:48:10] ============================================================
[2026-03-13 13:48:10] ERROR: BOT_TOKEN or CHAT_ID not set.
[2026-03-13 13:49:48] ============================================================
[2026-03-13 13:49:48]   Degree Jobs Fresher - Telegram Bot
[2026-03-13 13:49:48]   TARGET: Any Degree Freshers | LOCATION: Hyderabad
[2026-03-13 13:49:48]   CHECK INTERVAL: Every 5 minutes
[2026-03-13 13:49:48] ============================================================
[2026-03-13 13:49:48] ERROR: BOT_TOKEN or CHAT_ID not set.
[2026-03-13 13:51:33] Checking for new fresher jobs... (48 keywords x 5 locations)
[2026-03-13 13:51:33] Checking for new fresher jobs... (46 keywords x 5 locations)
[2026-03-13 13:51:33] Checking for new fresher jobs... (127 keywords x 5 locations)
[2026-03-13 13:51:39] Checking for new fresher jobs... (133 keywords x 5 locations)
[2026-03-13 13:52:13] ============================================================
[2026-03-13 13:52:13]   Degree Jobs Fresher - Telegram Bot
[2026-03-13 13:52:13]   TARGET: Any Degree Freshers | LOCATION: Hyderabad
[2026-03-13 13:52:13]   CHECK INTERVAL: Every 5 minutes
[2026-03-13 13:52:13] ============================================================
[2026-03-13 13:52:13] ERROR: BOT_TOKEN or CHAT_ID not set.
[2026-03-13 13:52:28] Checking for new fresher jobs... (90 keywords x 5 locations)
[2026-03-13 13:52:33] Checking for new fresher jobs... (127 keywords x 5 locations)
[2026-03-13 13:52:37] Checking for new fresher jobs... (127 keywords x 5 locations)
[2026-03-13 13:52:39] No new jobs found. Total tracked: 0
[2026-03-13 13:52:39] Sleeping 10 min... (next check after 13:52:39)
[2026-03-13 13:52:40] No new jobs found. Total tracked: 0
[2026-03-13 13:52:40] Sleeping 10 min... (next check after 13:52:40)
[2026-03-13 13:52:40] No new jobs found. Total tracked: 0
[2026-03-13 13:52:40] Sleeping 10 min... (next check after 13:52:40)
[2026-03-13 13:52:40] No new jobs found. Total tracked: 0
[2026-03-13 13:52:40] Sleeping 10 min... (next check after 13:52:40)
[2026-03-13 13:53:03] ============================================================
[2026-03-13 13:53:03]   Degree Jobs Fresher - Telegram Bot
[2026-03-13 13:53:03]   TARGET: Any Degree Freshers | LOCATION: Hyderabad
[2026-03-13 13:53:03]   CHECK INTERVAL: Every 5 minutes
[2026-03-13 13:53:03] ============================================================
[2026-03-13 13:53:03] Loaded 0 previously seen jobs.
[2026-03-13 13:53:03] First run: preloading existing jobs as seen — only NEW jobs will be posted.
[2026-03-13 13:53:10] Preload done. 5 jobs marked as seen.
[2026-03-13 13:53:10] Checking for new fresher jobs from LinkedIn...
[2026-03-13 13:53:16] No new jobs found. Total tracked: 5
[2026-03-13 13:53:16] Single-run cycle complete. Exiting.
[2026-03-13 13:53:30] No new jobs found. Total tracked: 0
[2026-03-13 13:53:30] Sleeping 10 min... (next check after 13:53:30)
[2026-03-13 13:53:37] No new jobs found. Total tracked: 0
[2026-03-13 13:53:37] Sleeping 10 min... (next check after 13:53:37)
[2026-03-13 13:53:37] No new jobs found. Total tracked: 0
[2026-03-13 13:53:37] Sleeping 10 min... (next check around 13:53:37)
[2026-03-13 13:54:09] Checking for new fresher jobs... (118 keywords x 5 locations)
[2026-03-13 13:54:09] Checking for new fresher jobs... (70 keywords x 5 locations)
[2026-03-13 13:55:05] No new jobs found. Total tracked: 0
[2026-03-13 13:55:05] Sleeping 10 min... (next check after 13:55:05)
[2026-03-13 13:55:05] Sleeping 10 min... (next check after 13:55:05)
[2026-03-13 13:57:23] Checking for new fresher jobs... (127 keywords x 5 locations)
[2026-03-13 13:58:02] No new jobs found. Total tracked: 0
[2026-03-13 13:58:02] Sleeping 10 min... (next check after 13:58:02)
