[2026-03-13 14:07:28] ============================================================
[2026-03-13 14:07:28]   Degree Jobs Fresher - Telegram Bot
[2026-03-13 14:07:28]   TARGET: Any Degree Freshers | LOCATION: Hyderabad
[2026-03-13 14:07:28]   CHECK INTERVAL: Every 10 minutes
[2026-03-13 14:07:28] ============================================================
[2026-03-13 14:07:28] Loaded 0 previously seen jobs.
[2026-03-13 14:07:28] First run: preloading existing jobs as seen — only NEW jobs will be posted.
[2026-03-13 14:07:32] Preload done. 4 jobs marked as seen.
[2026-03-13 14:07:32] Checking for new fresher jobs from LinkedIn...
[2026-03-13 14:07:38] No new jobs found. Total tracked: 4
[2026-03-13 14:07:38] Single-run cycle complete. Exiting.
[2026-03-13 14:08:02] Checking for new fresher jobs... (127 keywords x 5 locations)
[2026-03-13 14:08:56] No new jobs found. Total tracked: 0
[2026-03-13 14:08:56] Sleeping 10 min... (next check after 14:08:56)
[2026-03-13 08:40:43] ============================================================
[2026-03-13 08:40:43]   Degree Jobs Fresher - Telegram Bot
[2026-03-13 08:40:43]   TARGET: Any Degree Freshers | LOCATION: Hyderabad
[2026-03-13 08:40:43]   CHECK INTERVAL: Every 10 minutes
[2026-03-13 08:40:43] ============================================================
[2026-03-13 08:40:43] Loaded 4 previously seen jobs.
[2026-03-13 08:40:43] Checking for new fresher jobs from LinkedIn...
[2026-03-13 08:40:45] No new jobs found. Total tracked: 4
[2026-03-13 08:40:45] Single-run cycle complete. Exiting.
[2026-03-13 08:56:26] ============================================================
[2026-03-13 08:56:26]   Degree Jobs Fresher - Telegram Bot
[2026-03-13 08:56:26]   TARGET: Any Degree Freshers | LOCATION: Hyderabad
[2026-03-13 08:56:26]   CHECK INTERVAL: Every 10 minutes
[2026-03-13 08:56:26] ============================================================
[2026-03-13 08:56:26] Loaded 4 previously seen jobs.
[2026-03-13 08:56:26] Checking for new fresher jobs from LinkedIn...
[2026-03-13 08:56:29] Found 1 new jobs! Sending to Telegram...
[2026-03-13 08:56:31]   Sent: [LinkedIn] Business Development Associate - CTC 6.5 -7.5 LPA - Fresher Hiring @ PlanetSpark | Hyderabad, Telangana, India
[2026-03-13 08:56:31] Done. Sent 1 new jobs. Total tracked: 5
[2026-03-13 08:56:31] Single-run cycle complete. Exiting.
